<?xml version="1.0" encoding="UTF-8"?>
<!-- Generated by org.testng.reporters.JUnitReportReporter -->
<testsuite hostname="KARTHIK" name="com.test.TestNg" tests="1" failures="0" timestamp="1 Sep 2019 09:10:24 GMT" time="0.039" errors="0">
  <testcase name="login" time="0.039" classname="com.test.TestNg"/>
</testsuite> <!-- com.test.TestNg -->
